<?xml version="1.0" encoding="UTF-8"?>
<!-- Generated by org.testng.reporters.JUnitReportReporter -->
<testsuite hostname="ISCISNB138" failures="0" tests="1" name="replacementLeaveApprovalModule.ApproverReplacementLeave" time="24.693" errors="0" timestamp="2025-05-20T16:21:22 IST" skipped="0">
  <testcase classname="replacementLeaveApprovalModule.ApproverReplacementLeave" name="approverLeaveApproval" time="24.693"/>
</testsuite> <!-- replacementLeaveApprovalModule.ApproverReplacementLeave -->
