<?xml version="1.0" encoding="UTF-8"?>
<!-- Generated by org.testng.reporters.JUnitReportReporter -->
<testsuite hostname="ISCISNB138" failures="0" tests="12" name="replacementLeaveApprovalModule.ApplyReplacementLeave" time="321.512" errors="0" timestamp="2025-05-22T10:54:55 IST" skipped="0">
  <testcase classname="replacementLeaveApprovalModule.ApplyReplacementLeave" name="approverLeaveModule" time="25.517"/>
  <testcase classname="replacementLeaveApprovalModule.ApplyReplacementLeave" name="approverLeaveModule" time="25.307"/>
  <testcase classname="replacementLeaveApprovalModule.ApplyReplacementLeave" name="approverLeaveModule" time="28.456"/>
  <testcase classname="replacementLeaveApprovalModule.ApplyReplacementLeave" name="applyReplacementLeave" time="27.322"/>
  <testcase classname="replacementLeaveApprovalModule.ApplyReplacementLeave" name="approverLeaveModule" time="27.434"/>
  <testcase classname="replacementLeaveApprovalModule.ApplyReplacementLeave" name="applyReplacementLeave" time="25.436"/>
  <testcase classname="replacementLeaveApprovalModule.ApplyReplacementLeave" name="approverLeaveModule" time="25.079"/>
  <testcase classname="replacementLeaveApprovalModule.ApplyReplacementLeave" name="approverLeaveModule" time="26.385"/>
  <testcase classname="replacementLeaveApprovalModule.ApplyReplacementLeave" name="applyReplacementLeave" time="29.758"/>
  <testcase classname="replacementLeaveApprovalModule.ApplyReplacementLeave" name="applyReplacementLeave" time="24.485"/>
  <testcase classname="replacementLeaveApprovalModule.ApplyReplacementLeave" name="applyReplacementLeave" time="30.267"/>
  <testcase classname="replacementLeaveApprovalModule.ApplyReplacementLeave" name="applyReplacementLeave" time="26.066"/>
</testsuite> <!-- replacementLeaveApprovalModule.ApplyReplacementLeave -->
