<?xml version="1.0" encoding="UTF-8"?>
<!-- Generated by org.testng.reporters.JUnitReportReporter -->
<testsuite hostname="ISCISNB138" failures="0" tests="6" name="replacementLeaveApprovalModule.DataProvider" time="167.905" errors="0" timestamp="2025-05-21T14:10:46 IST" skipped="0">
  <testcase classname="replacementLeaveApprovalModule.DataProvider" name="learnDataProvider" time="26.206"/>
  <testcase classname="replacementLeaveApprovalModule.DataProvider" name="learnDataProvider" time="29.691"/>
  <testcase classname="replacementLeaveApprovalModule.DataProvider" name="learnDataProvider" time="28.138"/>
  <testcase classname="replacementLeaveApprovalModule.DataProvider" name="learnDataProvider" time="31.824"/>
  <testcase classname="replacementLeaveApprovalModule.DataProvider" name="learnDataProvider" time="25.609"/>
  <testcase classname="replacementLeaveApprovalModule.DataProvider" name="learnDataProvider" time="26.437"/>
</testsuite> <!-- replacementLeaveApprovalModule.DataProvider -->
