<?xml version="1.0" encoding="UTF-8"?>
<!-- Generated by org.testng.reporters.JUnitReportReporter -->
<testsuite hostname="ISCISNB138" failures="0" tests="1" name="replacementLeaveApprovalModule.ApplyReplacementLeave" time="23.589" errors="0" timestamp="2025-05-20T15:58:21 IST" skipped="0">
  <testcase classname="replacementLeaveApprovalModule.ApplyReplacementLeave" name="employeeApplyReplacementLeave" time="23.589"/>
</testsuite> <!-- replacementLeaveApprovalModule.ApplyReplacementLeave -->
